This file contains any messages produced by compilers while
running configure, to aid debugging if configure makes a mistake.

It was created by IServerd configure 2.5.5-20080609, which was
generated by GNU Autoconf 2.62.  Invocation command line was

  $ ./configure 

## --------- ##
## Platform. ##
## --------- ##

hostname = hokkanomi
uname -m = x86_64
uname -r = 6.2.0-35-generic
uname -s = Linux
uname -v = #35-Ubuntu SMP PREEMPT_DYNAMIC Tue Oct  3 13:14:56 UTC 2023

/usr/bin/uname -p = x86_64
/bin/uname -X     = unknown

/bin/arch              = x86_64
/usr/bin/arch -k       = unknown
/usr/convex/getsysinfo = unknown
/usr/bin/hostinfo      = unknown
/bin/machine           = unknown
/usr/bin/oslevel       = unknown
/bin/universe          = unknown

PATH: /home/namikiri/.opam/default/bin
PATH: /usr/local/sbin
PATH: /usr/local/bin
PATH: /usr/sbin
PATH: /usr/bin
PATH: /sbin
PATH: /bin
PATH: /usr/games
PATH: /usr/local/games
PATH: /snap/bin


## ----------- ##
## Core tests. ##
## ----------- ##

configure:1923: checking build system type
configure:1936: error: /bin/bash ./config.sub x86_64-unknown-linux-gnu failed

## ---------------- ##
## Cache variables. ##
## ---------------- ##

ac_cv_build=
ac_cv_env_CCC_set=
ac_cv_env_CCC_value=
ac_cv_env_CC_set=
ac_cv_env_CC_value=
ac_cv_env_CFLAGS_set=
ac_cv_env_CFLAGS_value=
ac_cv_env_CPPFLAGS_set=
ac_cv_env_CPPFLAGS_value=
ac_cv_env_CPP_set=
ac_cv_env_CPP_value=
ac_cv_env_CXXFLAGS_set=
ac_cv_env_CXXFLAGS_value=
ac_cv_env_CXX_set=
ac_cv_env_CXX_value=
ac_cv_env_LDFLAGS_set=
ac_cv_env_LDFLAGS_value=
ac_cv_env_LIBS_set=
ac_cv_env_LIBS_value=
ac_cv_env_YACC_set=
ac_cv_env_YACC_value=
ac_cv_env_YFLAGS_set=
ac_cv_env_YFLAGS_value=
ac_cv_env_build_alias_set=
ac_cv_env_build_alias_value=
ac_cv_env_host_alias_set=
ac_cv_env_host_alias_value=
ac_cv_env_target_alias_set=
ac_cv_env_target_alias_value=

## ----------------- ##
## Output variables. ##
## ----------------- ##

ACLOCAL=''
AUTOCONF=''
AUTOHEADER=''
AUTOMAKE=''
BIN_DIR=''
CC=''
CFLAGS=''
CPP=''
CPPFLAGS=''
CXX=''
CXXFLAGS=''
DBG=''
DEFS=''
ECHO_C=''
ECHO_N='-n'
ECHO_T=''
EGREP=''
ETC_DIR=''
EXEEXT=''
GD_LIBS=''
GREP=''
INSTALL_DATA=''
INSTALL_PROGRAM=''
INSTALL_SCRIPT=''
LDFLAGS=''
LEX=''
LEXLIB=''
LEX_OUTPUT_ROOT=''
LIBOBJS=''
LIBS=''
LN_S=''
LOG_DIR=''
LTLIBOBJS=''
MAKEINFO=''
MAN_DIR=''
MKTEMP=''
OBJEXT=''
PACKAGE=''
PACKAGE_BUGREPORT='BUGS on http://sourceforge.net/projects/iserverd'
PACKAGE_NAME='IServerd'
PACKAGE_STRING='IServerd 2.5.5-20080609'
PACKAGE_TARNAME='iserverd'
PACKAGE_VERSION='2.5.5-20080609'
PATH_SEPARATOR=':'
PG_INCDIR2=''
PG_INCDIR=''
PG_INCLUDES2=''
PG_INCLUDES=''
PG_LDFLAGS=''
PG_LIBDIR=''
PSQL_BIN=''
RANLIB=''
SBIN_ACT=''
SBIN_DIR=''
SBIN_RULE=''
SENDMAIL=''
SERVROOT=''
SET_MAKE=''
SHELL='/bin/bash'
STRIPKEY=''
SYS_MKTMP=''
SYS_NAME=''
SYS_UNAME=''
VAR_DIR=''
VERSION=''
YACC=''
YFLAGS=''
ac_ct_CC=''
ac_ct_CXX=''
bindir='${exec_prefix}/bin'
build=''
build_alias=''
build_cpu=''
build_os=''
build_vendor=''
datadir='${datarootdir}'
datarootdir='${prefix}/share'
docdir='${datarootdir}/doc/${PACKAGE_TARNAME}'
dvidir='${docdir}'
exec_prefix='NONE'
host=''
host_alias=''
host_cpu=''
host_os=''
host_vendor=''
htmldir='${docdir}'
includedir='${prefix}/include'
infodir='${datarootdir}/info'
libdir='${exec_prefix}/lib'
libexecdir='${exec_prefix}/libexec'
localedir='${datarootdir}/locale'
localstatedir='${prefix}/var'
mandir='${datarootdir}/man'
oldincludedir='/usr/include'
pdfdir='${docdir}'
prefix='NONE'
program_transform_name='s,x,x,'
psdir='${docdir}'
sbindir='${exec_prefix}/sbin'
sharedstatedir='${prefix}/com'
sysconfdir='${prefix}/etc'
target_alias=''

## ----------- ##
## confdefs.h. ##
## ----------- ##

#define PACKAGE_NAME "IServerd"
#define PACKAGE_TARNAME "iserverd"
#define PACKAGE_VERSION "2.5.5-20080609"
#define PACKAGE_STRING "IServerd 2.5.5-20080609"
#define PACKAGE_BUGREPORT "BUGS on http://sourceforge.net/projects/iserverd"

configure: exit 1
